<?xml version="1.0" encoding="UTF-8"?>
<testng-results skipped="0" failed="0" ignored="19" total="20" passed="1">
  <reporter-output>
  </reporter-output>
  <suite name="Suite" duration-ms="246953" started-at="2020-10-06T05:55:07Z" finished-at="2020-10-06T05:59:14Z">
    <groups>
      <group name="Ratikanta_Online_UTPDL_1">
        <method signature="QCStore.QC_Online_UTPDL_ACH_Txn_Testdata()[pri:1, instance:tests.QCStore@5f9d02cb]" name="QC_Online_UTPDL_ACH_Txn_Testdata" class="tests.QCStore"/>
      </group> <!-- Ratikanta_Online_UTPDL_1 -->
    </groups>
    <test name="Test" duration-ms="246953" started-at="2020-10-06T05:55:07Z" finished-at="2020-10-06T05:59:14Z">
      <class name="tests.QCStore">
        <test-method status="PASS" signature="setup()[pri:0, instance:tests.QCStore@5f9d02cb]" name="setup" is-config="true" duration-ms="10051" started-at="2020-10-06T05:55:07Z" finished-at="2020-10-06T05:55:17Z">
          <reporter-output>
          </reporter-output>
        </test-method> <!-- setup -->
        <test-method status="PASS" signature="killProcess()[pri:0, instance:tests.QCStore@5f9d02cb]" name="killProcess" is-config="true" duration-ms="5007" started-at="2020-10-06T05:55:17Z" finished-at="2020-10-06T05:55:22Z">
          <reporter-output>
          </reporter-output>
        </test-method> <!-- killProcess -->
        <test-method status="PASS" signature="QC_Online_UTPDL_ACH_Txn_Testdata()[pri:1, instance:tests.QCStore@5f9d02cb]" name="QC_Online_UTPDL_ACH_Txn_Testdata" duration-ms="231063" started-at="2020-10-06T05:55:22Z" finished-at="2020-10-06T05:59:13Z">
          <reporter-output>
          </reporter-output>
        </test-method> <!-- QC_Online_UTPDL_ACH_Txn_Testdata -->
        <test-method status="PASS" signature="endReport()[pri:0, instance:tests.QCStore@5f9d02cb]" name="endReport" is-config="true" duration-ms="0" started-at="2020-10-06T05:59:13Z" finished-at="2020-10-06T05:59:13Z">
          <reporter-output>
          </reporter-output>
        </test-method> <!-- endReport -->
        <test-method status="PASS" signature="getResult(org.testng.ITestResult)[pri:0, instance:tests.QCStore@5f9d02cb]" name="getResult" is-config="true" duration-ms="817" started-at="2020-10-06T05:59:13Z" finished-at="2020-10-06T05:59:14Z">
          <params>
            <param index="0">
              <value>
                <![CDATA[[TestResult name=QC_Online_UTPDL_ACH_Txn_Testdata status=SUCCESS method=QCStore.QC_Online_UTPDL_ACH_Txn_Testdata()[pri:1, instance:tests.QCStore@5f9d02cb] output={null}]]]>
              </value>
            </param>
          </params>
          <reporter-output>
          </reporter-output>
        </test-method> <!-- getResult -->
      </class> <!-- tests.QCStore -->
    </test> <!-- Test -->
  </suite> <!-- Suite -->
</testng-results>
